<?xml version="1.0" encoding="UTF-8"?>
<!-- Generated by org.testng.reporters.JUnitReportReporter -->
<testsuite hostname="DESKTOP-SQDPO82" failures="0" tests="1" name="testExecution.Demoblaze.TestPage" time="44.120" errors="0" timestamp="2025-05-06T23:07:39 IST" skipped="0">
  <testcase classname="testExecution.Demoblaze.TestPage" name="TC_EndToEndTest" time="44.120"/>
</testsuite> <!-- testExecution.Demoblaze.TestPage -->
